  gameboy.cpp
C:\Users\35192\Documents\UNI\3rd Year\1st Semester\CG\Projeto\Projeto\gameboy.cpp(79,1): warning C4305: 'inicializando': truncamento de 'double' para 'GLfloat'
C:\Users\35192\Documents\UNI\3rd Year\1st Semester\CG\Projeto\Projeto\gameboy.cpp(163,1): warning C4305: 'inicializando': truncamento de 'double' para 'GLfloat'
C:\Users\35192\Documents\UNI\3rd Year\1st Semester\CG\Projeto\Projeto\gameboy.cpp(184,40): warning C4305: 'inicializando': truncamento de 'double' para 'GLfloat'
C:\Users\35192\Documents\UNI\3rd Year\1st Semester\CG\Projeto\Projeto\gameboy.cpp(184,57): warning C4305: 'inicializando': truncamento de 'double' para 'GLfloat'
C:\Users\35192\Documents\UNI\3rd Year\1st Semester\CG\Projeto\Projeto\gameboy.cpp(185,28): warning C4838: a conversão de 'double' em 'GLfloat' requer uma conversão de restrição
C:\Users\35192\Documents\UNI\3rd Year\1st Semester\CG\Projeto\Projeto\gameboy.cpp(185,28): warning C4244: 'inicializando': conversão de 'double' para 'GLfloat', possível perda de dados
C:\Users\35192\Documents\UNI\3rd Year\1st Semester\CG\Projeto\Projeto\gameboy.cpp(185,55): warning C4838: a conversão de 'double' em 'GLfloat' requer uma conversão de restrição
C:\Users\35192\Documents\UNI\3rd Year\1st Semester\CG\Projeto\Projeto\gameboy.cpp(185,55): warning C4244: 'inicializando': conversão de 'double' para 'GLfloat', possível perda de dados
C:\Users\35192\Documents\UNI\3rd Year\1st Semester\CG\Projeto\Projeto\gameboy.cpp(308,29): warning C4305: 'argumento': truncamento de 'double' para 'GLfloat'
C:\Users\35192\Documents\UNI\3rd Year\1st Semester\CG\Projeto\Projeto\gameboy.cpp(309,28): warning C4305: 'argumento': truncamento de 'double' para 'GLfloat'
C:\Users\35192\Documents\UNI\3rd Year\1st Semester\CG\Projeto\Projeto\gameboy.cpp(310,29): warning C4305: 'argumento': truncamento de 'double' para 'GLfloat'
C:\Users\35192\Documents\UNI\3rd Year\1st Semester\CG\Projeto\Projeto\gameboy.cpp(311,30): warning C4305: 'argumento': truncamento de 'double' para 'GLfloat'
C:\Users\35192\Documents\UNI\3rd Year\1st Semester\CG\Projeto\Projeto\gameboy.cpp(315,25): warning C4305: 'argumento': truncamento de 'double' para 'GLfloat'
C:\Users\35192\Documents\UNI\3rd Year\1st Semester\CG\Projeto\Projeto\gameboy.cpp(316,26): warning C4305: 'argumento': truncamento de 'double' para 'GLfloat'
C:\Users\35192\Documents\UNI\3rd Year\1st Semester\CG\Projeto\Projeto\gameboy.cpp(317,28): warning C4305: 'argumento': truncamento de 'double' para 'GLfloat'
C:\Users\35192\Documents\UNI\3rd Year\1st Semester\CG\Projeto\Projeto\gameboy.cpp(318,29): warning C4305: 'argumento': truncamento de 'double' para 'GLfloat'
C:\Users\35192\Documents\UNI\3rd Year\1st Semester\CG\Projeto\Projeto\gameboy.cpp(319,27): warning C4305: 'argumento': truncamento de 'double' para 'GLfloat'
C:\Users\35192\Documents\UNI\3rd Year\1st Semester\CG\Projeto\Projeto\gameboy.cpp(329,25): warning C4305: 'argumento': truncamento de 'double' para 'GLfloat'
C:\Users\35192\Documents\UNI\3rd Year\1st Semester\CG\Projeto\Projeto\gameboy.cpp(330,31): warning C4305: 'argumento': truncamento de 'double' para 'GLfloat'
C:\Users\35192\Documents\UNI\3rd Year\1st Semester\CG\Projeto\Projeto\gameboy.cpp(331,31): warning C4305: 'argumento': truncamento de 'double' para 'GLfloat'
C:\Users\35192\Documents\UNI\3rd Year\1st Semester\CG\Projeto\Projeto\gameboy.cpp(332,31): warning C4305: 'argumento': truncamento de 'double' para 'GLfloat'
C:\Users\35192\Documents\UNI\3rd Year\1st Semester\CG\Projeto\Projeto\gameboy.cpp(333,31): warning C4305: 'argumento': truncamento de 'double' para 'GLfloat'
C:\Users\35192\Documents\UNI\3rd Year\1st Semester\CG\Projeto\Projeto\gameboy.cpp(334,31): warning C4305: 'argumento': truncamento de 'double' para 'GLfloat'
C:\Users\35192\Documents\UNI\3rd Year\1st Semester\CG\Projeto\Projeto\gameboy.cpp(335,31): warning C4305: 'argumento': truncamento de 'double' para 'GLfloat'
C:\Users\35192\Documents\UNI\3rd Year\1st Semester\CG\Projeto\Projeto\gameboy.cpp(336,31): warning C4305: 'argumento': truncamento de 'double' para 'GLfloat'
C:\Users\35192\Documents\UNI\3rd Year\1st Semester\CG\Projeto\Projeto\gameboy.cpp(337,31): warning C4305: 'argumento': truncamento de 'double' para 'GLfloat'
C:\Users\35192\Documents\UNI\3rd Year\1st Semester\CG\Projeto\Projeto\gameboy.cpp(338,31): warning C4305: 'argumento': truncamento de 'double' para 'GLfloat'
C:\Users\35192\Documents\UNI\3rd Year\1st Semester\CG\Projeto\Projeto\gameboy.cpp(339,31): warning C4305: 'argumento': truncamento de 'double' para 'GLfloat'
C:\Users\35192\Documents\UNI\3rd Year\1st Semester\CG\Projeto\Projeto\gameboy.cpp(340,31): warning C4305: 'argumento': truncamento de 'double' para 'GLfloat'
C:\Users\35192\Documents\UNI\3rd Year\1st Semester\CG\Projeto\Projeto\gameboy.cpp(341,31): warning C4305: 'argumento': truncamento de 'double' para 'GLfloat'
C:\Users\35192\Documents\UNI\3rd Year\1st Semester\CG\Projeto\Projeto\gameboy.cpp(351,20): warning C4390: ';': instrução controlada vazia encontrada; é esta a intenção?
C:\Users\35192\Documents\UNI\3rd Year\1st Semester\CG\Projeto\Projeto\gameboy.cpp(395,24): warning C4305: 'argumento': truncamento de 'double' para 'GLfloat'
C:\Users\35192\Documents\UNI\3rd Year\1st Semester\CG\Projeto\Projeto\gameboy.cpp(411,23): warning C4244: '=': conversão de 'double' para 'GLfloat', possível perda de dados
C:\Users\35192\Documents\UNI\3rd Year\1st Semester\CG\Projeto\Projeto\gameboy.cpp(412,21): warning C4244: '=': conversão de 'double' para 'GLfloat', possível perda de dados
C:\Users\35192\Documents\UNI\3rd Year\1st Semester\CG\Projeto\Projeto\gameboy.cpp(413,21): warning C4244: '=': conversão de 'double' para 'GLfloat', possível perda de dados
C:\Users\35192\Documents\UNI\3rd Year\1st Semester\CG\Projeto\Projeto\gameboy.cpp(414,21): warning C4244: '=': conversão de 'double' para 'GLfloat', possível perda de dados
C:\Users\35192\Documents\UNI\3rd Year\1st Semester\CG\Projeto\Projeto\gameboy.cpp(419,23): warning C4244: '=': conversão de 'double' para 'GLfloat', possível perda de dados
C:\Users\35192\Documents\UNI\3rd Year\1st Semester\CG\Projeto\Projeto\gameboy.cpp(420,21): warning C4244: '=': conversão de 'double' para 'GLfloat', possível perda de dados
C:\Users\35192\Documents\UNI\3rd Year\1st Semester\CG\Projeto\Projeto\gameboy.cpp(421,21): warning C4244: '=': conversão de 'double' para 'GLfloat', possível perda de dados
C:\Users\35192\Documents\UNI\3rd Year\1st Semester\CG\Projeto\Projeto\gameboy.cpp(422,21): warning C4244: '=': conversão de 'double' para 'GLfloat', possível perda de dados
C:\Users\35192\Documents\UNI\3rd Year\1st Semester\CG\Projeto\Projeto\gameboy.cpp(451,22): warning C4244: '=': conversão de 'double' para 'GLfloat', possível perda de dados
C:\Users\35192\Documents\UNI\3rd Year\1st Semester\CG\Projeto\Projeto\gameboy.cpp(453,22): warning C4244: '=': conversão de 'double' para 'GLfloat', possível perda de dados
C:\Users\35192\Documents\UNI\3rd Year\1st Semester\CG\Projeto\Projeto\gameboy.cpp(456,20): warning C4244: '=': conversão de 'double' para 'GLfloat', possível perda de dados
C:\Users\35192\Documents\UNI\3rd Year\1st Semester\CG\Projeto\Projeto\gameboy.cpp(458,20): warning C4244: '=': conversão de 'double' para 'GLfloat', possível perda de dados
C:\Users\35192\Documents\UNI\3rd Year\1st Semester\CG\Projeto\Projeto\gameboy.cpp(460,19): warning C4244: '=': conversão de 'double' para 'GLfloat', possível perda de dados
C:\Users\35192\Documents\UNI\3rd Year\1st Semester\CG\Projeto\Projeto\gameboy.cpp(461,19): warning C4244: '=': conversão de 'double' para 'GLfloat', possível perda de dados
  Projeto.vcxproj -> C:\Users\35192\Documents\UNI\3rd Year\1st Semester\CG\Projeto\Projeto\Debug\Projeto.exe
